This is pdfTeX, Version 3.1415926-2.4-1.40.13 (MiKTeX 2.9) (preloaded format=pdflatex 2013.4.29)  29 NOV 2013 10:54
entering extended mode
**C:/Users/Martin/Documents/Studium/Bachelorpraktikum/repository/scm-ssi-studen
t-whisper-library/doc/qadoc/Vorlage*QS-Dokument.tex

("C:/Users/Martin/Documents/Studium/Bachelorpraktikum/repository/scm-ssi-studen
t-whisper-library/doc/qadoc/Vorlage QS-Dokument.tex"
LaTeX2e <2011/06/27>
Babel <v3.8m> and hyphenation patterns for english, afrikaans, ancientgreek, ar
abic, armenian, assamese, basque, bengali, bokmal, bulgarian, catalan, coptic, 
croatian, czech, danish, dutch, esperanto, estonian, farsi, finnish, french, ga
lician, german, german-x-2012-05-30, greek, gujarati, hindi, hungarian, iceland
ic, indonesian, interlingua, irish, italian, kannada, kurmanji, latin, latvian,
 lithuanian, malayalam, marathi, mongolian, mongolianlmc, monogreek, ngerman, n
german-x-2012-05-30, nynorsk, oriya, panjabi, pinyin, polish, portuguese, roman
ian, russian, sanskrit, serbian, slovak, slovenian, spanish, swedish, swissgerm
an, tamil, telugu, turkish, turkmen, ukenglish, ukrainian, uppersorbian, usengl
ishmax, welsh, loaded.
("C:\Program Files\tuddesign\tex\latex\tuddesign\tudreport.cls"
Document Class: tudreport 2009/11/17 1.13 Clemens von Loewenich's and Joe Werne
r's TUD-Design package
("C:\Program Files (x86)\MiKTeX 2.9\tex\latex\xkeyval\xkeyval.sty"
Package: xkeyval 2012/10/14 v2.6b package option processing (HA)

("C:\Program Files (x86)\MiKTeX 2.9\tex\generic\xkeyval\xkeyval.tex"
\XKV@toks=\toks14
\XKV@tempa@toks=\toks15
\XKV@depth=\count79
File: xkeyval.tex 2012/10/14 v2.6b key=value parser (HA)

("C:\Program Files (x86)\MiKTeX 2.9\tex\generic\xkeyval\keyval.tex")))
("C:\Program Files (x86)\MiKTeX 2.9\tex\latex\base\ifthen.sty"
Package: ifthen 2001/05/26 v1.1c Standard LaTeX ifthen package (DPC)
)
Class tudreport Info: Option `paper=a4report' selected. on input line 142.
Class tudreport Info: Option `paper=a4report' selected. on input line 144.

("C:\Program Files (x86)\MiKTeX 2.9\tex\latex\koma-script\scrreprt.cls"
Document Class: scrreprt 2012/07/29 v3.11b KOMA-Script document class (report)
("C:\Program Files (x86)\MiKTeX 2.9\tex\latex\koma-script\scrkbase.sty"
Package: scrkbase 2012/07/29 v3.11b KOMA-Script package (KOMA-Script-dependent 
basics and keyval usage)

("C:\Program Files (x86)\MiKTeX 2.9\tex\latex\koma-script\scrbase.sty"
Package: scrbase 2012/07/29 v3.11b KOMA-Script package (KOMA-Script-independent
 basics and keyval usage)

("C:\Program Files (x86)\MiKTeX 2.9\tex\latex\koma-script\scrlfile.sty"
Package: scrlfile 2012/06/15 v3.12 KOMA-Script package (loading files)

Package scrlfile, 2012/06/15 v3.12 KOMA-Script package (loading files)
                  Copyright (C) Markus Kohm

))) ("C:\Program Files (x86)\MiKTeX 2.9\tex\latex\koma-script\tocbasic.sty"
Package: tocbasic 2012/04/04 v3.10b KOMA-Script package (handling toc-files)
)
Package tocbasic Info: omitting babel extension for `toc'
(tocbasic)             because of feature `nobabel' available
(tocbasic)             for `toc' on input line 117.
Package tocbasic Info: omitting babel extension for `lof'
(tocbasic)             because of feature `nobabel' available
(tocbasic)             for `lof' on input line 118.
Package tocbasic Info: omitting babel extension for `lot'
(tocbasic)             because of feature `nobabel' available
(tocbasic)             for `lot' on input line 119.
Class scrreprt Info: File `scrsize11pt.clo' used instead of
(scrreprt)           file `scrsize11.clo' to setup font sizes on input line 136
7.

("C:\Program Files (x86)\MiKTeX 2.9\tex\latex\koma-script\scrsize11pt.clo"
File: scrsize11pt.clo 2012/07/29 v3.11b KOMA-Script font size class option (11p
t)
)
("C:\Program Files (x86)\MiKTeX 2.9\tex\latex\koma-script\typearea.sty"
Package: typearea 2012/07/29 v3.11b KOMA-Script package (type area)

Package typearea, 2012/07/29 v3.11b KOMA-Script package (type area)
                  Copyright (C) Frank Neukam, 1992-1994
                  Copyright (C) Markus Kohm, 1994-

\ta@bcor=\skip41
\ta@div=\count80
\ta@hblk=\skip42
\ta@vblk=\skip43
\ta@temp=\skip44
Package typearea Info: These are the values describing the layout:
(typearea)             DIV  = 10
(typearea)             BCOR = 0.0pt
(typearea)             \paperwidth      = 597.50793pt
(typearea)              \textwidth      = 418.25555pt
(typearea)              DIV departure   = -6%
(typearea)              \evensidemargin = 17.3562pt
(typearea)              \oddsidemargin  = 17.3562pt
(typearea)             \paperheight     = 845.04694pt
(typearea)              \textheight     = 595.80026pt
(typearea)              \topmargin      = -25.16531pt
(typearea)              \headheight     = 17.0pt
(typearea)              \headsep        = 20.40001pt
(typearea)              \topskip        = 11.0pt
(typearea)              \footskip       = 47.60002pt
(typearea)              \baselineskip   = 13.6pt
(typearea)              on input line 1213.
)
\c@part=\count81
\c@chapter=\count82
\c@section=\count83
\c@subsection=\count84
\c@subsubsection=\count85
\c@paragraph=\count86
\c@subparagraph=\count87
\abovecaptionskip=\skip45
\belowcaptionskip=\skip46
\c@pti@nb@sid@b@x=\box26
\c@figure=\count88
\c@table=\count89
\bibindent=\dimen102
) ("C:\Program Files (x86)\MiKTeX 2.9\tex\latex\tools\calc.sty"
Package: calc 2007/08/22 v4.3 Infix arithmetic (KKT,FJ)
\calc@Acount=\count90
\calc@Bcount=\count91
\calc@Adimen=\dimen103
\calc@Bdimen=\dimen104
\calc@Askip=\skip47
\calc@Bskip=\skip48
LaTeX Info: Redefining \setlength on input line 76.
LaTeX Info: Redefining \addtolength on input line 77.
\calc@Ccount=\count92
\calc@Cskip=\skip49
)
("C:\Program Files\tuddesign\tex\latex\tuddesign\colours\tudcolours.sty"
Package: tudcolours 2009/03/12 1.9 Clemens von Loewenich's and Joe Werner's TUD
-Design package

("C:\Program Files (x86)\MiKTeX 2.9\tex\latex\xcolor\xcolor.sty"
Package: xcolor 2007/01/21 v2.11 LaTeX color extensions (UK)

("C:\Program Files (x86)\MiKTeX 2.9\tex\latex\00miktex\color.cfg"
File: color.cfg 2007/01/18 v1.5 color configuration of teTeX/TeXLive
)
Package xcolor Info: Package option `override' ignored on input line 216.
Package xcolor Info: Driver file: pdftex.def on input line 225.

("C:\Program Files (x86)\MiKTeX 2.9\tex\latex\pdftex-def\pdftex.def"
File: pdftex.def 2011/05/27 v0.06d Graphics/color for pdfTeX

("C:\Program Files (x86)\MiKTeX 2.9\tex\generic\oberdiek\infwarerr.sty"
Package: infwarerr 2010/04/08 v1.3 Providing info/warning/error messages (HO)
)
("C:\Program Files (x86)\MiKTeX 2.9\tex\generic\oberdiek\ltxcmds.sty"
Package: ltxcmds 2011/11/09 v1.22 LaTeX kernel commands for general use (HO)
)
\Gread@gobject=\count93
)
Package xcolor Info: Model `cmy' substituted by `cmy0' on input line 1337.
Package xcolor Info: Model `hsb' substituted by `rgb' on input line 1341.
Package xcolor Info: Model `RGB' extended on input line 1353.
Package xcolor Info: Model `HTML' substituted by `rgb' on input line 1355.
Package xcolor Info: Model `Hsb' substituted by `hsb' on input line 1356.
Package xcolor Info: Model `tHsb' substituted by `hsb' on input line 1357.
Package xcolor Info: Model `HSB' substituted by `hsb' on input line 1358.
Package xcolor Info: Model `Gray' substituted by `gray' on input line 1359.
Package xcolor Info: Model `wave' substituted by `hsb' on input line 1360.
)
("C:\Program Files\tuddesign\tex\latex\tuddesign\colours\tudcolours.cfg"
File: tudcolours.cfg 2008/12/03
)
("C:\Program Files\tuddesign\tex\latex\tuddesign\colours\tudcolours.def"
File: tudcolours.def 2008/12/03
))
("C:\Program Files\tuddesign\tex\latex\tuddesign\report\tudreprt_fonts.sty"
Package: tudreprt_fonts 2009/00/18 1.11 Clemens von Loewenich's and Joe Werner'
s TUD-Design package

("C:\Program Files\tuddesign\tex\latex\tuddesign\base\tudfonts.sty"
Package: tudfonts 2009/09/18 1.12 Clemens von Loewenich's and Joe Werner's TUD-
Design package

("C:\Program Files (x86)\MiKTeX 2.9\tex\latex\base\fontenc.sty"
Package: fontenc 2005/09/27 v1.99g Standard LaTeX package

("C:\Program Files (x86)\MiKTeX 2.9\tex\latex\base\t1enc.def"
File: t1enc.def 2005/09/27 v1.99g Standard LaTeX file
LaTeX Font Info:    Redeclaring font encoding T1 on input line 43.
))
("C:\Program Files (x86)\MiKTeX 2.9\tex\latex\base\textcomp.sty"
Package: textcomp 2005/09/27 v1.99g Standard LaTeX package
Package textcomp Info: Sub-encoding information:
(textcomp)               5 = only ISO-Adobe without \textcurrency
(textcomp)               4 = 5 + \texteuro
(textcomp)               3 = 4 + \textohm
(textcomp)               2 = 3 + \textestimated + \textcurrency
(textcomp)               1 = TS1 - \textcircled - \t
(textcomp)               0 = TS1 (full)
(textcomp)             Font families with sub-encoding setting implement
(textcomp)             only a restricted character set as indicated.
(textcomp)             Family '?' is the default used for unknown fonts.
(textcomp)             See the documentation for details.
Package textcomp Info: Setting ? sub-encoding to TS1/1 on input line 71.
Package textcomp Info: Changing ? sub-encoding to TS1/4 on input line 72.

("C:\Program Files (x86)\MiKTeX 2.9\tex\latex\base\ts1enc.def"
File: ts1enc.def 2001/06/05 v3.0e (jk/car/fm) Standard LaTeX file
)
LaTeX Info: Redefining \oldstylenums on input line 266.
Package textcomp Info: Setting cmr sub-encoding to TS1/0 on input line 281.
Package textcomp Info: Setting cmss sub-encoding to TS1/0 on input line 282.
Package textcomp Info: Setting cmtt sub-encoding to TS1/0 on input line 283.
Package textcomp Info: Setting cmvtt sub-encoding to TS1/0 on input line 284.
Package textcomp Info: Setting cmbr sub-encoding to TS1/0 on input line 285.
Package textcomp Info: Setting cmtl sub-encoding to TS1/0 on input line 286.
Package textcomp Info: Setting ccr sub-encoding to TS1/0 on input line 287.
Package textcomp Info: Setting ptm sub-encoding to TS1/4 on input line 288.
Package textcomp Info: Setting pcr sub-encoding to TS1/4 on input line 289.
Package textcomp Info: Setting phv sub-encoding to TS1/4 on input line 290.
Package textcomp Info: Setting ppl sub-encoding to TS1/3 on input line 291.
Package textcomp Info: Setting pag sub-encoding to TS1/4 on input line 292.
Package textcomp Info: Setting pbk sub-encoding to TS1/4 on input line 293.
Package textcomp Info: Setting pnc sub-encoding to TS1/4 on input line 294.
Package textcomp Info: Setting pzc sub-encoding to TS1/4 on input line 295.
Package textcomp Info: Setting bch sub-encoding to TS1/4 on input line 296.
Package textcomp Info: Setting put sub-encoding to TS1/5 on input line 297.
Package textcomp Info: Setting uag sub-encoding to TS1/5 on input line 298.
Package textcomp Info: Setting ugq sub-encoding to TS1/5 on input line 299.
Package textcomp Info: Setting ul8 sub-encoding to TS1/4 on input line 300.
Package textcomp Info: Setting ul9 sub-encoding to TS1/4 on input line 301.
Package textcomp Info: Setting augie sub-encoding to TS1/5 on input line 302.
Package textcomp Info: Setting dayrom sub-encoding to TS1/3 on input line 303.
Package textcomp Info: Setting dayroms sub-encoding to TS1/3 on input line 304.

Package textcomp Info: Setting pxr sub-encoding to TS1/0 on input line 305.
Package textcomp Info: Setting pxss sub-encoding to TS1/0 on input line 306.
Package textcomp Info: Setting pxtt sub-encoding to TS1/0 on input line 307.
Package textcomp Info: Setting txr sub-encoding to TS1/0 on input line 308.
Package textcomp Info: Setting txss sub-encoding to TS1/0 on input line 309.
Package textcomp Info: Setting txtt sub-encoding to TS1/0 on input line 310.
Package textcomp Info: Setting lmr sub-encoding to TS1/0 on input line 311.
Package textcomp Info: Setting lmdh sub-encoding to TS1/0 on input line 312.
Package textcomp Info: Setting lmss sub-encoding to TS1/0 on input line 313.
Package textcomp Info: Setting lmssq sub-encoding to TS1/0 on input line 314.
Package textcomp Info: Setting lmvtt sub-encoding to TS1/0 on input line 315.
Package textcomp Info: Setting qhv sub-encoding to TS1/0 on input line 316.
Package textcomp Info: Setting qag sub-encoding to TS1/0 on input line 317.
Package textcomp Info: Setting qbk sub-encoding to TS1/0 on input line 318.
Package textcomp Info: Setting qcr sub-encoding to TS1/0 on input line 319.
Package textcomp Info: Setting qcs sub-encoding to TS1/0 on input line 320.
Package textcomp Info: Setting qpl sub-encoding to TS1/0 on input line 321.
Package textcomp Info: Setting qtm sub-encoding to TS1/0 on input line 322.
Package textcomp Info: Setting qzc sub-encoding to TS1/0 on input line 323.
Package textcomp Info: Setting qhvc sub-encoding to TS1/0 on input line 324.
Package textcomp Info: Setting futs sub-encoding to TS1/4 on input line 325.
Package textcomp Info: Setting futx sub-encoding to TS1/4 on input line 326.
Package textcomp Info: Setting futj sub-encoding to TS1/4 on input line 327.
Package textcomp Info: Setting hlh sub-encoding to TS1/3 on input line 328.
Package textcomp Info: Setting hls sub-encoding to TS1/3 on input line 329.
Package textcomp Info: Setting hlst sub-encoding to TS1/3 on input line 330.
Package textcomp Info: Setting hlct sub-encoding to TS1/5 on input line 331.
Package textcomp Info: Setting hlx sub-encoding to TS1/5 on input line 332.
Package textcomp Info: Setting hlce sub-encoding to TS1/5 on input line 333.
Package textcomp Info: Setting hlcn sub-encoding to TS1/5 on input line 334.
Package textcomp Info: Setting hlcw sub-encoding to TS1/5 on input line 335.
Package textcomp Info: Setting hlcf sub-encoding to TS1/5 on input line 336.
Package textcomp Info: Setting pplx sub-encoding to TS1/3 on input line 337.
Package textcomp Info: Setting pplj sub-encoding to TS1/3 on input line 338.
Package textcomp Info: Setting ptmx sub-encoding to TS1/4 on input line 339.
Package textcomp Info: Setting ptmj sub-encoding to TS1/4 on input line 340.
)
("C:\Program Files (x86)\MiKTeX 2.9\tex\latex\base\fix-cm.sty"
Package: fix-cm 2006/09/13 v1.1m fixes to LaTeX

("C:\Program Files (x86)\MiKTeX 2.9\tex\latex\base\ts1enc.def"
File: ts1enc.def 2001/06/05 v3.0e (jk/car/fm) Standard LaTeX file
LaTeX Font Info:    Redeclaring font encoding TS1 on input line 42.
))
("C:\Program Files (x86)\MiKTeX 2.9\tex\latex\mathdesign\mathdesign.sty"
Package: mathdesign 2013/02/01 v2.25 Math Design Project

("C:\Program Files (x86)\MiKTeX 2.9\tex\latex\mathdesign\mdbch\mdbch.cfg")
("C:\Program Files (x86)\MiKTeX 2.9\tex\latex\mathdesign\mdbch\mdbch.sty"
Package: mdbch 2013/02/01 v2.25 bitstream bitstream charter + mdbch (Math Desig
n Project)

("C:\Program Files (x86)\MiKTeX 2.9\tex\latex\mathdesign\mdfont.def"
File: mdfont.def 2013/02/01 v2.25 (Math Design Project)
)
("C:\Program Files (x86)\MiKTeX 2.9\tex\latex\mathdesign\mdsffont.def"
File: mdsffont.def 2013/02/01 v2.25 (Math Design Project)
)
("C:\Program Files (x86)\MiKTeX 2.9\tex\latex\mathdesign\mdttfont.def"
File: mdttfont.def 2013/02/01 v2.25 (Math Design Project)
)
\symmdcal=\mathgroup4
LaTeX Font Info:    Overwriting symbol font `mdcal' in version `bold'
(Font)                  OMS/mdbch/m/n --> OMS/mdbch/b/n on input line 96.
\symmdscr=\mathgroup5
LaTeX Font Info:    Overwriting symbol font `mdscr' in version `bold'
(Font)                  OMS/mdbch/m/n --> OMS/mdbch/b/n on input line 102.
LaTeX Font Info:    Overwriting math alphabet `\mathfrak' in version `bold'
(Font)                  U/xmdeuf/m/n --> U/xmdeuf/b/n on input line 109.
LaTeX Font Info:    Overwriting symbol font `operators' in version `normal'
(Font)                  OT1/cmr/m/n --> OT1/mdbch/m/n on input line 120.
LaTeX Font Info:    Overwriting symbol font `letters' in version `normal'
(Font)                  OML/cmm/m/it --> OML/mdbch/m/it on input line 121.
LaTeX Font Info:    Overwriting symbol font `symbols' in version `normal'
(Font)                  OMS/cmsy/m/n --> OMS/mdbch/m/n on input line 122.
LaTeX Font Info:    Overwriting symbol font `largesymbols' in version `normal'
(Font)                  OMX/cmex/m/n --> OMX/mdbch/m/n on input line 123.
LaTeX Font Info:    Overwriting symbol font `operators' in version `bold'
(Font)                  OT1/cmr/bx/n --> OT1/mdbch/b/n on input line 125.
LaTeX Font Info:    Overwriting symbol font `letters' in version `bold'
(Font)                  OML/cmm/b/it --> OML/mdbch/b/it on input line 126.
LaTeX Font Info:    Overwriting symbol font `symbols' in version `bold'
(Font)                  OMS/cmsy/b/n --> OMS/mdbch/b/n on input line 127.
LaTeX Font Info:    Overwriting symbol font `largesymbols' in version `bold'
(Font)                  OMX/cmex/m/n --> OMX/mdbch/b/n on input line 128.
LaTeX Font Info:    Overwriting math alphabet `\mathrm' in version `normal'
(Font)                  OT1/mdbch/m/n --> T1/mdbch/m/n on input line 130.
LaTeX Font Info:    Overwriting math alphabet `\mathbf' in version `normal'
(Font)                  OT1/cmr/bx/n --> T1/mdbch/b/n on input line 131.
LaTeX Font Info:    Overwriting math alphabet `\mathit' in version `normal'
(Font)                  OT1/cmr/m/it --> T1/mdbch/m/it on input line 132.
LaTeX Font Info:    Overwriting math alphabet `\mathsf' in version `normal'
(Font)                  OT1/cmss/m/n --> T1/cmss/m/n on input line 133.
LaTeX Font Info:    Overwriting math alphabet `\mathtt' in version `normal'
(Font)                  OT1/cmtt/m/n --> T1/cmtt/m/n on input line 134.
LaTeX Font Info:    Overwriting math alphabet `\mathrm' in version `bold'
(Font)                  OT1/mdbch/b/n --> T1/mdbch/b/n on input line 136.
LaTeX Font Info:    Overwriting math alphabet `\mathbf' in version `bold'
(Font)                  OT1/cmr/bx/n --> T1/mdbch/b/n on input line 137.
LaTeX Font Info:    Overwriting math alphabet `\mathit' in version `bold'
(Font)                  OT1/cmr/bx/it --> T1/mdbch/b/it on input line 138.
LaTeX Font Info:    Overwriting math alphabet `\mathsf' in version `bold'
(Font)                  OT1/cmss/bx/n --> T1/cmss/b/n on input line 139.
LaTeX Font Info:    Overwriting math alphabet `\mathtt' in version `bold'
(Font)                  OT1/cmtt/m/n --> T1/cmtt/b/n on input line 140.
\symlettersupright=\mathgroup6
LaTeX Font Info:    Overwriting symbol font `lettersupright' in version `bold'
(Font)                  OML/mdbch/m/n --> OML/mdbch/b/n on input line 143.
LaTeX Font Info:    Redeclaring math alphabet \mathrm on input line 144.
LaTeX Font Info:    Overwriting math alphabet `\mathcal' in version `normal'
(Font)                  OMS/mdbch/m/n --> OMS/mdbch/m/n on input line 166.
LaTeX Font Info:    Try loading font information for T1+mdbch on input line 185
.

("C:\Program Files (x86)\MiKTeX 2.9\tex\latex\mathdesign\mdbch\t1mdbch.fd"
File: t1mdbch.fd 2013/02/01 Fontinst v1.933 font definitions for T1/mdbch.
)
LaTeX Font Info:    Redeclaring math accent \widetilde on input line 448.
LaTeX Font Info:    Redeclaring math accent \widehat on input line 449.
\symmathdesignA=\mathgroup7
LaTeX Font Info:    Overwriting symbol font `mathdesignA' in version `bold'
(Font)                  MDA/mdbch/m/n --> MDA/mdbch/b/n on input line 490.
\symmathdesignB=\mathgroup8
LaTeX Font Info:    Overwriting symbol font `mathdesignB' in version `bold'
(Font)                  MDB/mdbch/m/n --> MDB/mdbch/b/n on input line 497.
\@emptytoks=\toks16
LaTeX Font Info:    Redeclaring math accent \widetilde on input line 531.
LaTeX Font Info:    Redeclaring math accent \widehat on input line 532.
\rulethickness=\skip50
)
("C:\Program Files (x86)\MiKTeX 2.9\tex\latex\base\fontenc.sty"
Package: fontenc 2005/09/27 v1.99g Standard LaTeX package

("C:\Program Files (x86)\MiKTeX 2.9\tex\latex\base\t1enc.def"
File: t1enc.def 2005/09/27 v1.99g Standard LaTeX file
LaTeX Font Info:    Redeclaring font encoding T1 on input line 43.
)))
\symutopiasymbol=\mathgroup9
LaTeX Font Info:    Overwriting math alphabet `\mathmb' in version `normal'
(Font)                  T1/5ch/mb/n --> T1/5ch/mb/n on input line 34.
LaTeX Font Info:    Overwriting math alphabet `\mathmb' in version `bold'
(Font)                  T1/5ch/mb/n --> T1/5ch/mb/n on input line 35.
LaTeX Info: Redefining \em on input line 37.
\fontheight=\skip51
\fontdepth=\skip52
\fontstrutbox=\box27
LaTeX Info: Redefining \LaTeX on input line 108.
))
\TUD@headfootsep=\skip53

("C:\Program Files\tuddesign\tex\latex\tuddesign\base\tudpage.sty"
Package: tudpage 2009/08/11 1.10 Clemens von Loewenich's and Joe Werner's TUD-D
esign package

("C:\Program Files\tuddesign\tex\latex\tuddesign\base\tudpaper.sty"
Package: tudpaper 2009/01/28 1.9 Clemens von Loewenich's and Joe Werner's TUD-D
esign package

("C:\Program Files (x86)\MiKTeX 2.9\tex\latex\graphics\graphicx.sty"
Package: graphicx 1999/02/16 v1.0f Enhanced LaTeX Graphics (DPC,SPQR)

("C:\Program Files (x86)\MiKTeX 2.9\tex\latex\graphics\graphics.sty"
Package: graphics 2009/02/05 v1.0o Standard LaTeX Graphics (DPC,SPQR)

("C:\Program Files (x86)\MiKTeX 2.9\tex\latex\graphics\trig.sty"
Package: trig 1999/03/16 v1.09 sin cos tan (DPC)
)
("C:\Program Files (x86)\MiKTeX 2.9\tex\latex\00miktex\graphics.cfg"
File: graphics.cfg 2007/01/18 v1.5 graphics configuration of teTeX/TeXLive
)
Package graphics Info: Driver file: pdftex.def on input line 91.
)
\Gin@req@height=\dimen105
\Gin@req@width=\dimen106
)
("C:\Program Files (x86)\MiKTeX 2.9\tex\latex\eso-pic\eso-pic.sty"
Package: eso-pic 2010/10/06 v2.0c eso-pic (RN)

("C:\Program Files (x86)\MiKTeX 2.9\tex\generic\oberdiek\atbegshi.sty"
Package: atbegshi 2011/10/05 v1.16 At begin shipout hook (HO)

("C:\Program Files (x86)\MiKTeX 2.9\tex\generic\oberdiek\ifpdf.sty"
Package: ifpdf 2011/01/30 v2.3 Provides the ifpdf switch (HO)
Package ifpdf Info: pdfTeX in PDF mode is detected.
)))
\TUD@logo@height=\skip54
\TUD@logo@leftskip=\skip55
\TUD@sep@top=\skip56
\TUD@sep@left=\skip57
\TUD@sep@right=\skip58
\TUD@sep@bottom=\skip59
\TUD@titlepos=\skip60
\TUD@titlebox@sep@left=\skip61
\TUD@titlebox@sep@right=\skip62
\TUD@titlebox@sep@bottom=\skip63
\TUD@subtitlebox@sep=\skip64
\TUD@textwidth=\skip65
\TUD@cols@width=\skip66
\TUD@cols@sep=\skip67
\c@TUD@cols@n=\count94

("C:\Program Files\tuddesign\tex\latex\tuddesign\base\tudrules.sty"
Package: tudrules 2008/10/09 1.6 Clemens von Loewenich's and Joe Werner's TUD-D
esign package
\TUD@indentbar@height=\skip68
\TUD@indentbar@depth=\skip69
\TUD@indentbar@totalheight=\skip70
\@TUD@indentbar@width=\skip71
\@TUD@largeruleheight=\skip72
\@TUD@smallruleheight=\skip73
\@TUD@rulesep=\skip74
\@TUD@ruleheight=\skip75
)
\TUD@indentbarheight=\skip76

("C:\Program Files (x86)\MiKTeX 2.9\tex\latex\geometry\geometry.sty"
Package: geometry 2010/09/12 v5.6 Page Geometry

("C:\Program Files (x86)\MiKTeX 2.9\tex\generic\oberdiek\ifvtex.sty"
Package: ifvtex 2010/03/01 v1.5 Detect VTeX and its facilities (HO)
Package ifvtex Info: VTeX not detected.
)
("C:\Program Files (x86)\MiKTeX 2.9\tex\generic\ifxetex\ifxetex.sty"
Package: ifxetex 2010/09/12 v0.6 Provides ifxetex conditional
)
\Gm@cnth=\count95
\Gm@cntv=\count96
\c@Gm@tempcnt=\count97
\Gm@bindingoffset=\dimen107
\Gm@wd@mp=\dimen108
\Gm@odd@mp=\dimen109
\Gm@even@mp=\dimen110
\Gm@layoutwidth=\dimen111
\Gm@layoutheight=\dimen112
\Gm@layouthoffset=\dimen113
\Gm@layoutvoffset=\dimen114
\Gm@dimlist=\toks17

("C:\Program Files (x86)\MiKTeX 2.9\tex\latex\geometry\geometry.cfg")))
\TUD@footparindent=\skip77

("C:\Program Files (x86)\MiKTeX 2.9\tex\latex\fancyhdr\fancyhdr.sty"
\fancy@headwidth=\skip78
\f@ncyO@elh=\skip79
\f@ncyO@erh=\skip80
\f@ncyO@olh=\skip81
\f@ncyO@orh=\skip82
\f@ncyO@elf=\skip83
\f@ncyO@erf=\skip84
\f@ncyO@olf=\skip85
\f@ncyO@orf=\skip86
))
("C:\Program Files\tuddesign\tex\latex\tuddesign\base\tudheading.sty"
Package: tudheading 2009/12/31 1.17 Clemens von Loewenich's and Joe Werner's TU
D-Design package

("C:\Program Files (x86)\MiKTeX 2.9\tex\latex\titlesec\titlesec.sty"
Package: titlesec 2011/12/15 v2.10.0 Sectioning titles
\ttl@box=\box28
\beforetitleunit=\skip87
\aftertitleunit=\skip88
\ttl@plus=\dimen115
\ttl@minus=\dimen116
\ttl@toksa=\toks18
\titlewidth=\dimen117
\titlewidthlast=\dimen118
\titlewidthfirst=\dimen119
)
\c@seclinedepth=\count98
\TUD@chapter@diff@height=\skip89
\@TUD@above@headskip=\skip90
\@TUD@below@headskip=\skip91

("C:\Program Files\tuddesign\tex\latex\tuddesign\base\tudheading.def"
File: tudheading.def 2009/07/14
\TUD@part@tmp@height=\skip92
\TUD@part@tmp@depth=\skip93
\@TUD@partbox=\box29
)
\TUD@parind=\skip94
\TUD@chapind=\skip95
\TUD@secind=\skip96
\TUD@subsecind=\skip97
\TUD@subsubsecind=\skip98

("C:\Program Files (x86)\MiKTeX 2.9\tex\latex\titlesec\block.tss"
File: block.tss 2011/12/15
))
("C:\Program Files\tuddesign\tex\latex\tuddesign\base\tudredef.sty"
Package: tudredef 2010/04/10 1.2 Clemens von Loewenich's and Joe Werner's TUD-D
esign package
\TUD@abstract@count=\count99
)
("C:\Program Files\tuddesign\tex\latex\tuddesign\report\tudreprt_title.sty"
Package: tudreprt_title 2009/09/18 1.11 Clemens von Loewenich's and Joe Werner'
s TUD-Design package
\TUD@sponsorlogo=\box30
\TUD@titleskip=\skip99
))
("C:\Program Files (x86)\MiKTeX 2.9\tex\latex\german\ngerman.sty"
v2.5e 1998-07-08
Package: ngerman 1998/07/08 v2.5e Support for writing german texts (br)
\grmnU@D=\dimen120
ngerman -- \language number for naustrian undefined, default 43 used.
) ("C:\Program Files (x86)\MiKTeX 2.9\tex\latex\base\fontenc.sty"
Package: fontenc 2005/09/27 v1.99g Standard LaTeX package
 ("C:\Program Files (x86)\MiKTeX 2.9\tex\latex\base\t1enc.def"
File: t1enc.def 2005/09/27 v1.99g Standard LaTeX file
LaTeX Font Info:    Redeclaring font encoding T1 on input line 43.
))
("C:\Program Files (x86)\MiKTeX 2.9\tex\latex\base\inputenc.sty"
Package: inputenc 2008/03/30 v1.1d Input encoding file
\inpenc@prehook=\toks19
\inpenc@posthook=\toks20

("C:\Program Files (x86)\MiKTeX 2.9\tex\latex\base\latin1.def"
File: latin1.def 2008/03/30 v1.1d Input encoding file
))
("C:\Program Files (x86)\MiKTeX 2.9\tex\latex\psnfss\helvet.sty"
Package: helvet 2005/04/12 PSNFSS-v9.2a (WaS) 
)
("C:\Program Files (x86)\MiKTeX 2.9\tex\latex\sauerj\parcolumns.sty"
Package: parcolumns 2004/11/25 v1.2 Typeset multiple parallel columns

("C:\Program Files (x86)\MiKTeX 2.9\tex\latex\sauerj\processkv.sty"
Package: processkv 2004/08/09 v1.0.1 process key=value lists
)
\pc@columnctr=\count100
\pc@columncount=\count101
\pc@everypar=\toks21
)
("C:\Users\Martin\Documents\Studium\Bachelorpraktikum\repository\scm-ssi-studen
t-whisper-library\doc\qadoc\Vorlage QS-Dokument.aux")
LaTeX Font Info:    Checking defaults for OML/cmm/m/it on input line 33.
LaTeX Font Info:    ... okay on input line 33.
LaTeX Font Info:    Checking defaults for T1/cmr/m/n on input line 33.
LaTeX Font Info:    ... okay on input line 33.
LaTeX Font Info:    Checking defaults for OT1/cmr/m/n on input line 33.
LaTeX Font Info:    ... okay on input line 33.
LaTeX Font Info:    Checking defaults for OMS/cmsy/m/n on input line 33.
LaTeX Font Info:    ... okay on input line 33.
LaTeX Font Info:    Checking defaults for OMX/cmex/m/n on input line 33.
LaTeX Font Info:    ... okay on input line 33.
LaTeX Font Info:    Checking defaults for U/cmr/m/n on input line 33.
LaTeX Font Info:    ... okay on input line 33.
LaTeX Font Info:    Checking defaults for TS1/cmr/m/n on input line 33.
LaTeX Font Info:    ... okay on input line 33.
LaTeX Font Info:    Checking defaults for MDA/cmr/m/n on input line 33.
LaTeX Font Info:    Try loading font information for MDA+cmr on input line 33.

("C:\Program Files (x86)\MiKTeX 2.9\tex\latex\mathdesign\mdacmr.fd"
File: mdacmr.fd 
)
LaTeX Font Info:    ... okay on input line 33.
LaTeX Font Info:    Checking defaults for MDB/cmr/m/n on input line 33.
LaTeX Font Info:    Try loading font information for MDB+cmr on input line 33.

("C:\Program Files (x86)\MiKTeX 2.9\tex\latex\mathdesign\mdbcmr.fd"
File: mdbcmr.fd 
)
LaTeX Font Info:    ... okay on input line 33.
LaTeX Font Info:    Try loading font information for T1+5ch on input line 33.

("C:\Program Files\tuddesign\tex\latex\tex-tudfonts\softmake\charter\t15ch.fd"
File: t15ch.fd 2008/06/23 Fontinst v1.927 font definitions for T1/5ch.
) ("C:\Program Files (x86)\MiKTeX 2.9\tex\context\base\supp-pdf.mkii"
[Loading MPS to PDF converter (version 2006.09.02).]
\scratchcounter=\count102
\scratchdimen=\dimen121
\scratchbox=\box31
\nofMPsegments=\count103
\nofMParguments=\count104
\everyMPshowfont=\toks22
\MPscratchCnt=\count105
\MPscratchDim=\dimen122
\MPnumerator=\count106
\makeMPintoPDFobject=\count107
\everyMPtoPDFconversion=\toks23
)
\AtBeginShipoutBox=\box32

*geometry* detected driver: dvips
*geometry* verbose mode - [ preamble ] result:
* driver: dvips
* paper: a4paper
* layout: <same size as paper>
* layoutoffset:(h,v)=(0.0pt,0.0pt)
* modes: includehead includefoot includemp 
* h-part:(L,W,R)=(56.9055pt, 497.92325pt, 42.67912pt)
* v-part:(T,H,B)=(42.67912pt, 745.46222pt, 56.9055pt)
* \paperwidth=597.50787pt
* \paperheight=845.04684pt
* \textwidth=497.92325pt
* \textheight=698.49777pt
* \oddsidemargin=-15.36449pt
* \evensidemargin=-15.36449pt
* \topmargin=-29.59087pt
* \headheight=16.56445pt
* \headsep=15.2pt
* \topskip=11.0pt
* \footskip=15.2pt
* \marginparwidth=0.0pt
* \marginparsep=0.0pt
* \columnsep=11.95013pt
* \skip\footins=10.0pt plus 4.0pt minus 2.0pt
* \hoffset=0.0pt
* \voffset=0.0pt
* \mag=1000
* \@twocolumnfalse
* \@twosidefalse
* \@mparswitchfalse
* \@reversemarginfalse
* (1in=72.27pt=25.4mm, 1cm=28.453pt)

\TUD@part@topskip=\skip100
\@TUD@tmp@baselineskip=\skip101
\TUD@titleboxheight=\skip102
\TUD@titleboxdepth=\skip103
\TUD@subtitleboxheight=\skip104
\TUD@subtitleboxdepth=\skip105
\TUD@logoboxheight=\skip106
\TUD@logoboxwidth=\skip107
\TUD@colorbackheight=\skip108
\TUD@colorbacktitleheight=\skip109
\TUD@instboxheight=\skip110
\TUD@instboxdepth=\skip111
\TUD@instboxwidth=\skip112
\TUD@instlogoheight=\skip113
\TUD@instlogowidth=\skip114
\TUD@sponsorheight=\skip115
\TUD@titlebox=\box33
\TUD@subtitlebox=\box34
\TUD@logobox=\box35
\TUD@instbox=\box36
\TUD@sponsorbox=\box37
\TUD@tmp@height=\skip116
\TUD@tmp@depth=\skip117
LaTeX Font Info:    Font shape `T1/phv/mb/n' in size <36> not available
(Font)              Font shape `T1/phv/b/n' tried instead on input line 36.
LaTeX Font Info:    Font shape `T1/phv/b/n' will be
(Font)              scaled to size 31.78784pt on input line 36.
LaTeX Font Info:    Try loading font information for OT1+mdbch on input line 36
.
("C:\Program Files (x86)\MiKTeX 2.9\tex\latex\mathdesign\mdbch\ot1mdbch.fd"
File: ot1mdbch.fd 2013/02/01 Fontinst v1.933 font definitions for OT1/mdbch.
)
LaTeX Font Info:    Try loading font information for OML+mdbch on input line 36
.

("C:\Program Files (x86)\MiKTeX 2.9\tex\latex\mathdesign\mdbch\omlmdbch.fd"
File: omlmdbch.fd 2013/02/01 Fontinst v1.933 font definitions for OML/mdbch.
)
LaTeX Font Info:    Try loading font information for OMS+mdbch on input line 36
.

("C:\Program Files (x86)\MiKTeX 2.9\tex\latex\mathdesign\mdbch\omsmdbch.fd"
File: omsmdbch.fd 2013/02/01 Fontinst v1.933 font definitions for OMS/mdbch.
)
LaTeX Font Info:    Try loading font information for OMX+mdbch on input line 36
.

("C:\Program Files (x86)\MiKTeX 2.9\tex\latex\mathdesign\mdbch\omxmdbch.fd"
File: omxmdbch.fd 2013/02/01 Fontinst v1.933 font definitions for OMX/mdbch.
)
LaTeX Font Info:    Try loading font information for MDA+mdbch on input line 36
.

("C:\Program Files (x86)\MiKTeX 2.9\tex\latex\mathdesign\mdbch\mdamdbch.fd"
File: mdamdbch.fd 2013/02/01 Fontinst v1.933 font definitions for MDA/mdbch.
)
LaTeX Font Info:    Try loading font information for MDB+mdbch on input line 36
.

("C:\Program Files (x86)\MiKTeX 2.9\tex\latex\mathdesign\mdbch\mdbmdbch.fd"
File: mdbmdbch.fd 2013/02/01 Fontinst v1.933 font definitions for MDB/mdbch.
)
LaTeX Font Info:    Try loading font information for OML+mdput on input line 36
.

("C:\Program Files (x86)\MiKTeX 2.9\tex\latex\mathdesign\mdput\omlmdput.fd"
File: omlmdput.fd 2013/02/01 Fontinst v1.933 font definitions for OML/mdput.
)
LaTeX Font Info:    Font shape `T1/phv/mb/n' in size <12.6> not available
(Font)              Font shape `T1/phv/b/n' tried instead on input line 36.
LaTeX Font Info:    Font shape `T1/phv/b/n' will be
(Font)              scaled to size 11.12575pt on input line 36.
\@TUD@titlelines=\count108
LaTeX Font Info:    Font shape `T1/phv/m/n' will be
(Font)              scaled to size 10.15445pt on input line 36.
LaTeX Font Info:    Font shape `T1/phv/mb/n' in size <11.5> not available
(Font)              Font shape `T1/phv/b/n' tried instead on input line 36.
LaTeX Font Info:    Font shape `T1/phv/b/n' will be
(Font)              scaled to size 10.15445pt on input line 36.
\pc@column@1=\box38
\pc@column@width@1=\dimen123
\pc@column@2=\box39
\pc@column@width@2=\dimen124
Package parcolumns Info: Width of column 1 set to 72.1248pt on input line 36.
Package parcolumns Info: Width of column 2 calculated as 388.41792pt on input l
ine 36.
Package parcolumns Info: Width of column 1 set to 72.1248pt on input line 36.
Package parcolumns Info: Width of column 2 calculated as 388.41792pt on input l
ine 36.
Package parcolumns Info: Width of column 1 set to 72.1248pt on input line 36.
Package parcolumns Info: Width of column 2 calculated as 388.41792pt on input l
ine 36.
Package parcolumns Info: Width of column 1 set to 72.1248pt on input line 36.
Package parcolumns Info: Width of column 2 calculated as 388.41792pt on input l
ine 36.

<tud_logo.pdf, id=1, 157.58875pt x 63.23625pt>
File: tud_logo.pdf Graphic file (type pdf)
 <use tud_logo.pdf>
Package pdftex.def Info: tud_logo.pdf used on input line 36.
(pdftex.def)             Requested size: 134.92238pt x 62.59605pt.
File: tud_logo.pdf Graphic file (type pdf)

<use tud_logo.pdf>
Package pdftex.def Info: tud_logo.pdf used on input line 36.
(pdftex.def)             Requested size: 134.92238pt x 62.59605pt.
LaTeX Font Info:    Font shape `T1/phv/m/n' will be
(Font)              scaled to size 6.18097pt on input line 36.
\@TUD@logolines=\count109
 [0
Non-PDF special ignored!


Non-PDF special ignored!{C:/ProgramData/MiKTeX/2.9/pdftex/config/pdftex.map} <C
:/Program Files/tuddesign/tex/latex/tuddesign/logo/tud_logo.pdf>]
("C:\Users\Martin\Documents\Studium\Bachelorpraktikum\repository\scm-ssi-studen
t-whisper-library\doc\qadoc\Vorlage QS-Dokument.toc")
\tf@toc=\write3
LaTeX Font Info:    Font shape `T1/phv/m/n' will be
(Font)              scaled to size 8.82996pt on input line 38.
 [1


]
Kapitel 1.
[2

]
Kapitel 2.
[3

]
Anhang A.
[4

]
("C:\Users\Martin\Documents\Studium\Bachelorpraktikum\repository\scm-ssi-studen
t-whisper-library\doc\qadoc\Vorlage QS-Dokument.aux") ) 
Here is how much of TeX's memory you used:
 7147 strings out of 493921
 110424 string characters out of 3144873
 192850 words of memory out of 3000000
 10257 multiletter control sequences out of 15000+200000
 44991 words of font info for 58 fonts, out of 3000000 for 9000
 841 hyphenation exceptions out of 8191
 59i,12n,75p,625b,464s stack positions out of 5000i,500n,10000p,200000b,50000s
{C:/Program Files (x86)/
MiKTeX 2.9/fonts/enc/dvips/fontname/8r.enc}<C:/Program Files/tuddesign/fonts/ty
pe1/softmake/charter/5chr8a.pfb><C:/Program Files (x86)/MiKTeX 2.9/fonts/type1/
urw/helvetic/uhvb8a.pfb><C:/Program Files (x86)/MiKTeX 2.9/fonts/type1/urw/helv
etic/uhvr8a.pfb>
Output written on "Vorlage QS-Dokument.pdf" (5 pages, 73119 bytes).
PDF statistics:
 38 PDF objects out of 1000 (max. 8388607)
 0 named destinations out of 1000 (max. 500000)
 18 words of extra memory for PDF output out of 10000 (max. 10000000)

